2025-03-28 11:00:36,999 [Worker-2: Loading available Gradle versions] INFO  o.e.b.c.i.u.g.PublishedGradleVersions - Gradle version information cache is up-to-date. Trying to read.
2025-04-01 10:26:03,022 [Worker-2: Loading available Gradle versions] INFO  o.e.b.c.i.u.g.PublishedGradleVersions - Gradle version information cache is out-of-date. Trying to update.
2025-04-01 10:26:54,776 [Worker-2: Loading available Gradle versions] INFO  o.e.b.c.i.u.g.PublishedGradleVersions - Gradle version information cache is up-to-date. Trying to read.
2025-04-01 10:51:05,773 [Worker-4: Loading available Gradle versions] INFO  o.e.b.c.i.u.g.PublishedGradleVersions - Gradle version information cache is up-to-date. Trying to read.
2025-04-24 10:44:31,655 [Worker-1: Loading available Gradle versions] INFO  o.e.b.c.i.u.g.PublishedGradleVersions - Gradle version information cache is out-of-date. Trying to update.
2025-04-24 10:49:19,677 [Worker-5: Importing Maven projects] INFO  o.e.m.c.i.l.LifecycleMappingFactory - Using org.eclipse.m2e.jdt.JarLifecycleMapping lifecycle mapping for MavenProject: ar.edu.unlp.info.oo2:biblioteca:0.0.2 @ C:\Users\lucag\Documents\LUCA\2025\OO2\Practica\Resoluciones\ej-biblioteca\pom.xml.
2025-04-24 10:49:21,680 [Worker-5: Importing Maven projects] INFO  o.e.m.j.i.AbstractJavaProjectConfigurator - Adding source folder /ej-biblioteca/src/main/java
2025-04-24 10:49:21,693 [Worker-5: Importing Maven projects] INFO  o.e.m.j.i.AbstractJavaProjectConfigurator - Adding source folder /ej-biblioteca/src/test/java
2025-04-24 10:49:22,063 [Worker-5: Importing Maven projects] INFO  o.e.m.c.i.p.ProjectConfigurationManager - Imported and configured 1 project(s) in 7 sec
2025-04-24 10:49:23,216 [Worker-5: Building] INFO  o.e.m.c.i.embedder.EclipseLogger - Using 'UTF-8' encoding to copy filtered resources.
2025-04-24 10:49:23,216 [Worker-5: Building] INFO  o.e.m.c.i.embedder.EclipseLogger - skip non existing resourceDirectory C:\Users\lucag\Documents\LUCA\2025\OO2\Practica\Resoluciones\ej-biblioteca\src\main\resources
2025-04-24 10:49:23,220 [Worker-5: Building] INFO  o.e.m.c.i.embedder.EclipseLogger - Using 'UTF-8' encoding to copy filtered resources.
2025-04-24 10:49:23,221 [Worker-5: Building] INFO  o.e.m.c.i.embedder.EclipseLogger - skip non existing resourceDirectory C:\Users\lucag\Documents\LUCA\2025\OO2\Practica\Resoluciones\ej-biblioteca\src\test\resources
2025-04-24 10:51:37,066 [Worker-33: Importing Maven projects] INFO  o.e.m.c.i.l.LifecycleMappingFactory - Using org.eclipse.m2e.jdt.JarLifecycleMapping lifecycle mapping for MavenProject: ar.edu.unlp.info.oo2:biblioteca:0.0.2 @ C:\Users\lucag\Documents\LUCA\2025\OO2\Practica\Resoluciones\ej-biblioteca\pom.xml.
2025-04-24 10:51:37,207 [Worker-33: Importing Maven projects] INFO  o.e.m.j.i.AbstractJavaProjectConfigurator - Adding source folder /ej-biblioteca/src/main/java
2025-04-24 10:51:37,208 [Worker-33: Importing Maven projects] INFO  o.e.m.j.i.AbstractJavaProjectConfigurator - Adding source folder /ej-biblioteca/src/test/java
2025-04-24 10:51:37,256 [Worker-33: Importing Maven projects] INFO  o.e.m.c.i.p.ProjectConfigurationManager - Imported and configured 1 project(s) in 0 sec
2025-04-24 10:51:37,605 [Worker-25: Building] INFO  o.e.m.c.i.embedder.EclipseLogger - Using 'UTF-8' encoding to copy filtered resources.
2025-04-24 10:51:37,606 [Worker-25: Building] INFO  o.e.m.c.i.embedder.EclipseLogger - skip non existing resourceDirectory C:\Users\lucag\Documents\LUCA\2025\OO2\Practica\Resoluciones\ej-biblioteca\src\main\resources
2025-04-24 10:51:37,608 [Worker-25: Building] INFO  o.e.m.c.i.embedder.EclipseLogger - Using 'UTF-8' encoding to copy filtered resources.
2025-04-24 10:51:37,609 [Worker-25: Building] INFO  o.e.m.c.i.embedder.EclipseLogger - skip non existing resourceDirectory C:\Users\lucag\Documents\LUCA\2025\OO2\Practica\Resoluciones\ej-biblioteca\src\test\resources
2025-04-24 10:54:44,141 [Worker-34: Building] INFO  o.e.m.c.i.embedder.EclipseLogger - Using 'UTF-8' encoding to copy filtered resources.
2025-04-24 10:54:44,141 [Worker-34: Building] INFO  o.e.m.c.i.embedder.EclipseLogger - skip non existing resourceDirectory C:\Users\lucag\Documents\LUCA\2025\OO2\Practica\Resoluciones\ej-biblioteca\src\main\resources
2025-04-24 10:54:44,144 [Worker-34: Building] INFO  o.e.m.c.i.embedder.EclipseLogger - Using 'UTF-8' encoding to copy filtered resources.
2025-04-24 10:54:44,144 [Worker-34: Building] INFO  o.e.m.c.i.embedder.EclipseLogger - skip non existing resourceDirectory C:\Users\lucag\Documents\LUCA\2025\OO2\Practica\Resoluciones\ej-biblioteca\src\test\resources
2025-04-24 10:55:25,897 [Worker-5: Launching prueba] INFO  o.e.m.c.i.embedder.EclipseLogger - Using 'UTF-8' encoding to copy filtered resources.
2025-04-24 10:55:25,897 [Worker-5: Launching prueba] INFO  o.e.m.c.i.embedder.EclipseLogger - skip non existing resourceDirectory C:\Users\lucag\Documents\LUCA\2025\OO2\Practica\Resoluciones\ej-biblioteca\src\main\resources
2025-04-24 10:55:25,901 [Worker-5: Launching prueba] INFO  o.e.m.c.i.embedder.EclipseLogger - Using 'UTF-8' encoding to copy filtered resources.
2025-04-24 10:55:25,901 [Worker-5: Launching prueba] INFO  o.e.m.c.i.embedder.EclipseLogger - skip non existing resourceDirectory C:\Users\lucag\Documents\LUCA\2025\OO2\Practica\Resoluciones\ej-biblioteca\src\test\resources
2025-04-25 10:44:54,219 [Worker-1: Loading available Gradle versions] INFO  o.e.b.c.i.u.g.PublishedGradleVersions - Gradle version information cache is out-of-date. Trying to update.
2025-04-25 10:58:23,629 [Worker-34: Building] INFO  o.e.m.c.i.embedder.EclipseLogger - Using 'UTF-8' encoding to copy filtered resources.
2025-04-25 10:58:23,631 [Worker-34: Building] INFO  o.e.m.c.i.embedder.EclipseLogger - skip non existing resourceDirectory C:\Users\lucag\Documents\LUCA\2025\OO2\Practica\Resoluciones\ej-biblioteca\src\main\resources
2025-04-25 10:58:23,634 [Worker-34: Building] INFO  o.e.m.c.i.embedder.EclipseLogger - Using 'UTF-8' encoding to copy filtered resources.
2025-04-25 10:58:23,635 [Worker-34: Building] INFO  o.e.m.c.i.embedder.EclipseLogger - skip non existing resourceDirectory C:\Users\lucag\Documents\LUCA\2025\OO2\Practica\Resoluciones\ej-biblioteca\src\test\resources
2025-04-25 10:58:25,509 [Worker-24: Building] INFO  o.e.m.c.i.embedder.EclipseLogger - Using 'UTF-8' encoding to copy filtered resources.
2025-04-25 10:58:25,509 [Worker-24: Building] INFO  o.e.m.c.i.embedder.EclipseLogger - skip non existing resourceDirectory C:\Users\lucag\Documents\LUCA\2025\OO2\Practica\Resoluciones\ej-biblioteca\src\main\resources
2025-04-25 10:58:25,512 [Worker-24: Building] INFO  o.e.m.c.i.embedder.EclipseLogger - Using 'UTF-8' encoding to copy filtered resources.
2025-04-25 10:58:25,512 [Worker-24: Building] INFO  o.e.m.c.i.embedder.EclipseLogger - skip non existing resourceDirectory C:\Users\lucag\Documents\LUCA\2025\OO2\Practica\Resoluciones\ej-biblioteca\src\test\resources
2025-04-25 11:01:45,068 [Worker-39: Building] INFO  o.e.m.c.i.embedder.EclipseLogger - Using 'UTF-8' encoding to copy filtered resources.
2025-04-25 11:01:45,068 [Worker-39: Building] INFO  o.e.m.c.i.embedder.EclipseLogger - skip non existing resourceDirectory C:\Users\lucag\Documents\LUCA\2025\OO2\Practica\Resoluciones\ej-biblioteca\src\main\resources
2025-04-25 11:01:45,071 [Worker-39: Building] INFO  o.e.m.c.i.embedder.EclipseLogger - Using 'UTF-8' encoding to copy filtered resources.
2025-04-25 11:01:45,071 [Worker-39: Building] INFO  o.e.m.c.i.embedder.EclipseLogger - skip non existing resourceDirectory C:\Users\lucag\Documents\LUCA\2025\OO2\Practica\Resoluciones\ej-biblioteca\src\test\resources
2025-04-25 11:03:29,844 [Worker-38: Building] INFO  o.e.m.c.i.embedder.EclipseLogger - Using 'UTF-8' encoding to copy filtered resources.
2025-04-25 11:03:29,845 [Worker-38: Building] INFO  o.e.m.c.i.embedder.EclipseLogger - skip non existing resourceDirectory C:\Users\lucag\Documents\LUCA\2025\OO2\Practica\Resoluciones\ej-biblioteca\src\main\resources
2025-04-25 11:03:29,847 [Worker-38: Building] INFO  o.e.m.c.i.embedder.EclipseLogger - Using 'UTF-8' encoding to copy filtered resources.
2025-04-25 11:03:29,847 [Worker-38: Building] INFO  o.e.m.c.i.embedder.EclipseLogger - skip non existing resourceDirectory C:\Users\lucag\Documents\LUCA\2025\OO2\Practica\Resoluciones\ej-biblioteca\src\test\resources
2025-04-25 11:03:32,656 [Worker-38: Building] INFO  o.e.m.c.i.embedder.EclipseLogger - Using 'UTF-8' encoding to copy filtered resources.
2025-04-25 11:03:32,656 [Worker-38: Building] INFO  o.e.m.c.i.embedder.EclipseLogger - skip non existing resourceDirectory C:\Users\lucag\Documents\LUCA\2025\OO2\Practica\Resoluciones\ej-biblioteca\src\main\resources
2025-04-25 11:03:32,658 [Worker-38: Building] INFO  o.e.m.c.i.embedder.EclipseLogger - Using 'UTF-8' encoding to copy filtered resources.
2025-04-25 11:03:32,659 [Worker-38: Building] INFO  o.e.m.c.i.embedder.EclipseLogger - skip non existing resourceDirectory C:\Users\lucag\Documents\LUCA\2025\OO2\Practica\Resoluciones\ej-biblioteca\src\test\resources
2025-04-25 11:04:11,006 [Worker-41: Building] INFO  o.e.m.c.i.embedder.EclipseLogger - Using 'UTF-8' encoding to copy filtered resources.
2025-04-25 11:04:11,006 [Worker-41: Building] INFO  o.e.m.c.i.embedder.EclipseLogger - skip non existing resourceDirectory C:\Users\lucag\Documents\LUCA\2025\OO2\Practica\Resoluciones\ej-biblioteca\src\main\resources
2025-04-25 11:04:11,008 [Worker-41: Building] INFO  o.e.m.c.i.embedder.EclipseLogger - Using 'UTF-8' encoding to copy filtered resources.
2025-04-25 11:04:11,009 [Worker-41: Building] INFO  o.e.m.c.i.embedder.EclipseLogger - skip non existing resourceDirectory C:\Users\lucag\Documents\LUCA\2025\OO2\Practica\Resoluciones\ej-biblioteca\src\test\resources
2025-04-25 11:06:19,336 [Worker-41: Building] INFO  o.e.m.c.i.embedder.EclipseLogger - Using 'UTF-8' encoding to copy filtered resources.
2025-04-25 11:06:19,337 [Worker-41: Building] INFO  o.e.m.c.i.embedder.EclipseLogger - skip non existing resourceDirectory C:\Users\lucag\Documents\LUCA\2025\OO2\Practica\Resoluciones\ej-biblioteca\src\main\resources
2025-04-25 11:06:19,339 [Worker-41: Building] INFO  o.e.m.c.i.embedder.EclipseLogger - Using 'UTF-8' encoding to copy filtered resources.
2025-04-25 11:06:19,340 [Worker-41: Building] INFO  o.e.m.c.i.embedder.EclipseLogger - skip non existing resourceDirectory C:\Users\lucag\Documents\LUCA\2025\OO2\Practica\Resoluciones\ej-biblioteca\src\test\resources
2025-04-25 11:07:33,869 [Worker-41: Building] INFO  o.e.m.c.i.embedder.EclipseLogger - Using 'UTF-8' encoding to copy filtered resources.
2025-04-25 11:07:33,870 [Worker-41: Building] INFO  o.e.m.c.i.embedder.EclipseLogger - skip non existing resourceDirectory C:\Users\lucag\Documents\LUCA\2025\OO2\Practica\Resoluciones\ej-biblioteca\src\main\resources
2025-04-25 11:07:33,873 [Worker-41: Building] INFO  o.e.m.c.i.embedder.EclipseLogger - Using 'UTF-8' encoding to copy filtered resources.
2025-04-25 11:07:33,873 [Worker-41: Building] INFO  o.e.m.c.i.embedder.EclipseLogger - skip non existing resourceDirectory C:\Users\lucag\Documents\LUCA\2025\OO2\Practica\Resoluciones\ej-biblioteca\src\test\resources
2025-04-25 11:08:55,898 [Worker-39: Building] INFO  o.e.m.c.i.embedder.EclipseLogger - Using 'UTF-8' encoding to copy filtered resources.
2025-04-25 11:08:55,898 [Worker-39: Building] INFO  o.e.m.c.i.embedder.EclipseLogger - skip non existing resourceDirectory C:\Users\lucag\Documents\LUCA\2025\OO2\Practica\Resoluciones\ej-biblioteca\src\main\resources
2025-04-25 11:08:55,900 [Worker-39: Building] INFO  o.e.m.c.i.embedder.EclipseLogger - Using 'UTF-8' encoding to copy filtered resources.
2025-04-25 11:08:55,900 [Worker-39: Building] INFO  o.e.m.c.i.embedder.EclipseLogger - skip non existing resourceDirectory C:\Users\lucag\Documents\LUCA\2025\OO2\Practica\Resoluciones\ej-biblioteca\src\test\resources
2025-04-25 11:09:58,742 [Worker-2: Loading available Gradle versions] INFO  o.e.b.c.i.u.g.PublishedGradleVersions - Gradle version information cache is up-to-date. Trying to read.
2025-04-25 11:14:00,161 [Worker-23: Building] INFO  o.e.m.c.i.embedder.EclipseLogger - Using 'UTF-8' encoding to copy filtered resources.
2025-04-25 11:14:00,163 [Worker-23: Building] INFO  o.e.m.c.i.embedder.EclipseLogger - skip non existing resourceDirectory C:\Users\lucag\Documents\LUCA\2025\OO2\Practica\Resoluciones\ej-biblioteca\src\main\resources
2025-04-25 11:14:00,166 [Worker-23: Building] INFO  o.e.m.c.i.embedder.EclipseLogger - Using 'UTF-8' encoding to copy filtered resources.
2025-04-25 11:14:00,167 [Worker-23: Building] INFO  o.e.m.c.i.embedder.EclipseLogger - skip non existing resourceDirectory C:\Users\lucag\Documents\LUCA\2025\OO2\Practica\Resoluciones\ej-biblioteca\src\test\resources
2025-04-25 11:15:07,450 [Worker-7: Building] INFO  o.e.m.c.i.embedder.EclipseLogger - Using 'UTF-8' encoding to copy filtered resources.
2025-04-25 11:15:07,450 [Worker-7: Building] INFO  o.e.m.c.i.embedder.EclipseLogger - skip non existing resourceDirectory C:\Users\lucag\Documents\LUCA\2025\OO2\Practica\Resoluciones\ej-biblioteca\src\main\resources
2025-04-25 11:15:07,453 [Worker-7: Building] INFO  o.e.m.c.i.embedder.EclipseLogger - Using 'UTF-8' encoding to copy filtered resources.
2025-04-25 11:15:07,453 [Worker-7: Building] INFO  o.e.m.c.i.embedder.EclipseLogger - skip non existing resourceDirectory C:\Users\lucag\Documents\LUCA\2025\OO2\Practica\Resoluciones\ej-biblioteca\src\test\resources
2025-04-25 11:16:26,656 [Worker-4: Loading available Gradle versions] INFO  o.e.b.c.i.u.g.PublishedGradleVersions - Gradle version information cache is up-to-date. Trying to read.
2025-04-25 11:18:58,919 [Worker-5: Loading available Gradle versions] INFO  o.e.b.c.i.u.g.PublishedGradleVersions - Gradle version information cache is up-to-date. Trying to read.
2025-04-25 11:19:14,253 [Worker-10: Building] INFO  o.e.m.c.i.embedder.EclipseLogger - Using 'UTF-8' encoding to copy filtered resources.
2025-04-25 11:19:14,254 [Worker-10: Building] INFO  o.e.m.c.i.embedder.EclipseLogger - skip non existing resourceDirectory C:\Users\lucag\Documents\LUCA\2025\OO2\Practica\Resoluciones\ej-biblioteca\src\main\resources
2025-04-25 11:19:14,258 [Worker-10: Building] INFO  o.e.m.c.i.embedder.EclipseLogger - Using 'UTF-8' encoding to copy filtered resources.
2025-04-25 11:19:14,258 [Worker-10: Building] INFO  o.e.m.c.i.embedder.EclipseLogger - skip non existing resourceDirectory C:\Users\lucag\Documents\LUCA\2025\OO2\Practica\Resoluciones\ej-biblioteca\src\test\resources
2025-04-25 11:22:27,599 [Worker-10: Building] INFO  o.e.m.c.i.embedder.EclipseLogger - Using 'UTF-8' encoding to copy filtered resources.
2025-04-25 11:22:27,599 [Worker-10: Building] INFO  o.e.m.c.i.embedder.EclipseLogger - skip non existing resourceDirectory C:\Users\lucag\Documents\LUCA\2025\OO2\Practica\Resoluciones\ej-biblioteca\src\main\resources
2025-04-25 11:22:27,602 [Worker-10: Building] INFO  o.e.m.c.i.embedder.EclipseLogger - Using 'UTF-8' encoding to copy filtered resources.
2025-04-25 11:22:27,602 [Worker-10: Building] INFO  o.e.m.c.i.embedder.EclipseLogger - skip non existing resourceDirectory C:\Users\lucag\Documents\LUCA\2025\OO2\Practica\Resoluciones\ej-biblioteca\src\test\resources
2025-04-25 11:22:52,501 [Worker-27: Building] INFO  o.e.m.c.i.embedder.EclipseLogger - Using 'UTF-8' encoding to copy filtered resources.
2025-04-25 11:22:52,501 [Worker-27: Building] INFO  o.e.m.c.i.embedder.EclipseLogger - skip non existing resourceDirectory C:\Users\lucag\Documents\LUCA\2025\OO2\Practica\Resoluciones\ej-biblioteca\src\main\resources
2025-04-25 11:22:52,503 [Worker-27: Building] INFO  o.e.m.c.i.embedder.EclipseLogger - Using 'UTF-8' encoding to copy filtered resources.
2025-04-25 11:22:52,504 [Worker-27: Building] INFO  o.e.m.c.i.embedder.EclipseLogger - skip non existing resourceDirectory C:\Users\lucag\Documents\LUCA\2025\OO2\Practica\Resoluciones\ej-biblioteca\src\test\resources
2025-04-25 11:24:04,425 [Worker-27: Building] INFO  o.e.m.c.i.embedder.EclipseLogger - Using 'UTF-8' encoding to copy filtered resources.
2025-04-25 11:24:04,425 [Worker-27: Building] INFO  o.e.m.c.i.embedder.EclipseLogger - skip non existing resourceDirectory C:\Users\lucag\Documents\LUCA\2025\OO2\Practica\Resoluciones\ej-biblioteca\src\main\resources
2025-04-25 11:24:04,427 [Worker-27: Building] INFO  o.e.m.c.i.embedder.EclipseLogger - Using 'UTF-8' encoding to copy filtered resources.
2025-04-25 11:24:04,428 [Worker-27: Building] INFO  o.e.m.c.i.embedder.EclipseLogger - skip non existing resourceDirectory C:\Users\lucag\Documents\LUCA\2025\OO2\Practica\Resoluciones\ej-biblioteca\src\test\resources
2025-04-25 11:31:20,457 [Worker-1: Building] INFO  o.e.m.c.i.embedder.EclipseLogger - Using 'UTF-8' encoding to copy filtered resources.
2025-04-25 11:31:20,457 [Worker-1: Building] INFO  o.e.m.c.i.embedder.EclipseLogger - skip non existing resourceDirectory C:\Users\lucag\Documents\LUCA\2025\OO2\Practica\Resoluciones\ej-biblioteca\src\main\resources
2025-04-25 11:31:20,459 [Worker-1: Building] INFO  o.e.m.c.i.embedder.EclipseLogger - Using 'UTF-8' encoding to copy filtered resources.
2025-04-25 11:31:20,460 [Worker-1: Building] INFO  o.e.m.c.i.embedder.EclipseLogger - skip non existing resourceDirectory C:\Users\lucag\Documents\LUCA\2025\OO2\Practica\Resoluciones\ej-biblioteca\src\test\resources
2025-04-25 11:32:02,398 [Worker-9: Building] INFO  o.e.m.c.i.embedder.EclipseLogger - Using 'UTF-8' encoding to copy filtered resources.
2025-04-25 11:32:02,398 [Worker-9: Building] INFO  o.e.m.c.i.embedder.EclipseLogger - skip non existing resourceDirectory C:\Users\lucag\Documents\LUCA\2025\OO2\Practica\Resoluciones\ej-biblioteca\src\main\resources
2025-04-25 11:32:02,400 [Worker-9: Building] INFO  o.e.m.c.i.embedder.EclipseLogger - Using 'UTF-8' encoding to copy filtered resources.
2025-04-25 11:32:02,401 [Worker-9: Building] INFO  o.e.m.c.i.embedder.EclipseLogger - skip non existing resourceDirectory C:\Users\lucag\Documents\LUCA\2025\OO2\Practica\Resoluciones\ej-biblioteca\src\test\resources
2025-04-25 11:32:48,146 [Worker-10: Building] INFO  o.e.m.c.i.embedder.EclipseLogger - Using 'UTF-8' encoding to copy filtered resources.
2025-04-25 11:32:48,146 [Worker-10: Building] INFO  o.e.m.c.i.embedder.EclipseLogger - skip non existing resourceDirectory C:\Users\lucag\Documents\LUCA\2025\OO2\Practica\Resoluciones\ej-biblioteca\src\main\resources
2025-04-25 11:32:48,148 [Worker-10: Building] INFO  o.e.m.c.i.embedder.EclipseLogger - Using 'UTF-8' encoding to copy filtered resources.
2025-04-25 11:32:48,148 [Worker-10: Building] INFO  o.e.m.c.i.embedder.EclipseLogger - skip non existing resourceDirectory C:\Users\lucag\Documents\LUCA\2025\OO2\Practica\Resoluciones\ej-biblioteca\src\test\resources
2025-04-29 09:55:45,261 [Worker-4: Loading available Gradle versions] INFO  o.e.b.c.i.u.g.PublishedGradleVersions - Gradle version information cache is out-of-date. Trying to update.
2025-04-29 09:59:54,675 [Worker-23: Building] INFO  o.e.m.c.i.l.LifecycleMappingFactory - Using org.eclipse.m2e.jdt.JarLifecycleMapping lifecycle mapping for MavenProject: ar.edu.unlp.info.oo2:biblioteca:0.0.2 @ C:\Users\lucag\Documents\LUCA\2025\OO2\Practica\Resoluciones\ej-biblioteca\pom.xml.
2025-04-29 09:59:55,927 [Worker-23: Building] INFO  o.e.m.c.i.embedder.EclipseLogger - Using 'UTF-8' encoding to copy filtered resources.
2025-04-29 09:59:55,927 [Worker-23: Building] INFO  o.e.m.c.i.embedder.EclipseLogger - skip non existing resourceDirectory C:\Users\lucag\Documents\LUCA\2025\OO2\Practica\Resoluciones\ej-biblioteca\src\main\resources
2025-04-29 09:59:55,930 [Worker-23: Building] INFO  o.e.m.c.i.embedder.EclipseLogger - Using 'UTF-8' encoding to copy filtered resources.
2025-04-29 09:59:55,930 [Worker-23: Building] INFO  o.e.m.c.i.embedder.EclipseLogger - skip non existing resourceDirectory C:\Users\lucag\Documents\LUCA\2025\OO2\Practica\Resoluciones\ej-biblioteca\src\test\resources
2025-04-29 09:59:56,261 [Worker-30: Download sources and javadoc] INFO  o.e.m.c.i.e.AbstractTransferListenerAdapter - Downloading https://repo.maven.apache.org/maven2/com/googlecode/json-simple/json-simple/1.1.1/json-simple-1.1.1-sources.jar
2025-04-29 09:59:56,455 [Worker-30: Download sources and javadoc] INFO  o.e.m.c.i.e.AbstractTransferListenerAdapter - Downloaded https://repo.maven.apache.org/maven2/com/googlecode/json-simple/json-simple/1.1.1/json-simple-1.1.1-sources.jar
2025-04-29 09:59:56,462 [Worker-30: Download sources and javadoc] INFO  o.e.m.j.internal.DownloadSourcesJob - Downloaded sources for com.googlecode.json-simple:json-simple:1.1.1
2025-04-29 09:59:56,675 [Worker-30: Download sources and javadoc] INFO  o.e.m.c.i.e.AbstractTransferListenerAdapter - Downloading https://repo.maven.apache.org/maven2/junit/junit/4.10/junit-4.10-sources.jar
2025-04-29 09:59:56,886 [Worker-30: Download sources and javadoc] INFO  o.e.m.c.i.e.AbstractTransferListenerAdapter - Downloaded https://repo.maven.apache.org/maven2/junit/junit/4.10/junit-4.10-sources.jar
2025-04-29 09:59:56,890 [Worker-30: Download sources and javadoc] INFO  o.e.m.j.internal.DownloadSourcesJob - Downloaded sources for junit:junit:4.10
2025-04-29 09:59:57,102 [Worker-30: Download sources and javadoc] INFO  o.e.m.c.i.e.AbstractTransferListenerAdapter - Downloading https://repo.maven.apache.org/maven2/org/hamcrest/hamcrest-core/1.1/hamcrest-core-1.1-sources.jar
2025-04-29 09:59:57,166 [Worker-30: Download sources and javadoc] INFO  o.e.m.c.i.e.AbstractTransferListenerAdapter - Downloaded https://repo.maven.apache.org/maven2/org/hamcrest/hamcrest-core/1.1/hamcrest-core-1.1-sources.jar
2025-04-29 09:59:57,169 [Worker-30: Download sources and javadoc] INFO  o.e.m.j.internal.DownloadSourcesJob - Downloaded sources for org.hamcrest:hamcrest-core:1.1
2025-04-29 10:16:05,487 [Worker-17: Building] INFO  o.e.m.c.i.embedder.EclipseLogger - Using 'UTF-8' encoding to copy filtered resources.
2025-04-29 10:16:05,488 [Worker-17: Building] INFO  o.e.m.c.i.embedder.EclipseLogger - skip non existing resourceDirectory C:\Users\lucag\Documents\LUCA\2025\OO2\Practica\Resoluciones\ej-biblioteca\src\main\resources
2025-04-29 10:16:05,490 [Worker-17: Building] INFO  o.e.m.c.i.embedder.EclipseLogger - Using 'UTF-8' encoding to copy filtered resources.
2025-04-29 10:16:05,491 [Worker-17: Building] INFO  o.e.m.c.i.embedder.EclipseLogger - skip non existing resourceDirectory C:\Users\lucag\Documents\LUCA\2025\OO2\Practica\Resoluciones\ej-biblioteca\src\test\resources
2025-04-29 10:20:08,990 [Worker-36: Building] INFO  o.e.m.c.i.embedder.EclipseLogger - Using 'UTF-8' encoding to copy filtered resources.
2025-04-29 10:20:08,990 [Worker-36: Building] INFO  o.e.m.c.i.embedder.EclipseLogger - skip non existing resourceDirectory C:\Users\lucag\Documents\LUCA\2025\OO2\Practica\Resoluciones\ej-biblioteca\src\main\resources
2025-04-29 10:20:08,992 [Worker-36: Building] INFO  o.e.m.c.i.embedder.EclipseLogger - Using 'UTF-8' encoding to copy filtered resources.
2025-04-29 10:20:08,993 [Worker-36: Building] INFO  o.e.m.c.i.embedder.EclipseLogger - skip non existing resourceDirectory C:\Users\lucag\Documents\LUCA\2025\OO2\Practica\Resoluciones\ej-biblioteca\src\test\resources
2025-04-29 10:20:20,705 [Worker-34: Building] INFO  o.e.m.c.i.embedder.EclipseLogger - Using 'UTF-8' encoding to copy filtered resources.
2025-04-29 10:20:20,705 [Worker-34: Building] INFO  o.e.m.c.i.embedder.EclipseLogger - skip non existing resourceDirectory C:\Users\lucag\Documents\LUCA\2025\OO2\Practica\Resoluciones\ej-biblioteca\src\main\resources
2025-04-29 10:20:20,707 [Worker-34: Building] INFO  o.e.m.c.i.embedder.EclipseLogger - Using 'UTF-8' encoding to copy filtered resources.
2025-04-29 10:20:20,708 [Worker-34: Building] INFO  o.e.m.c.i.embedder.EclipseLogger - skip non existing resourceDirectory C:\Users\lucag\Documents\LUCA\2025\OO2\Practica\Resoluciones\ej-biblioteca\src\test\resources
2025-04-29 10:21:06,800 [Worker-36: Building] INFO  o.e.m.c.i.embedder.EclipseLogger - Using 'UTF-8' encoding to copy filtered resources.
2025-04-29 10:21:06,801 [Worker-36: Building] INFO  o.e.m.c.i.embedder.EclipseLogger - skip non existing resourceDirectory C:\Users\lucag\Documents\LUCA\2025\OO2\Practica\Resoluciones\ej-biblioteca\src\main\resources
2025-04-29 10:21:06,803 [Worker-36: Building] INFO  o.e.m.c.i.embedder.EclipseLogger - Using 'UTF-8' encoding to copy filtered resources.
2025-04-29 10:21:06,803 [Worker-36: Building] INFO  o.e.m.c.i.embedder.EclipseLogger - skip non existing resourceDirectory C:\Users\lucag\Documents\LUCA\2025\OO2\Practica\Resoluciones\ej-biblioteca\src\test\resources
2025-04-29 10:25:04,710 [Worker-36: Building] INFO  o.e.m.c.i.embedder.EclipseLogger - Using 'UTF-8' encoding to copy filtered resources.
2025-04-29 10:25:04,711 [Worker-36: Building] INFO  o.e.m.c.i.embedder.EclipseLogger - skip non existing resourceDirectory C:\Users\lucag\Documents\LUCA\2025\OO2\Practica\Resoluciones\ej-biblioteca\src\main\resources
2025-04-29 10:25:04,712 [Worker-36: Building] INFO  o.e.m.c.i.embedder.EclipseLogger - Using 'UTF-8' encoding to copy filtered resources.
2025-04-29 10:25:04,713 [Worker-36: Building] INFO  o.e.m.c.i.embedder.EclipseLogger - skip non existing resourceDirectory C:\Users\lucag\Documents\LUCA\2025\OO2\Practica\Resoluciones\ej-biblioteca\src\test\resources
2025-04-29 10:28:17,962 [Worker-17: Building] INFO  o.e.m.c.i.embedder.EclipseLogger - Using 'UTF-8' encoding to copy filtered resources.
2025-04-29 10:28:17,962 [Worker-17: Building] INFO  o.e.m.c.i.embedder.EclipseLogger - skip non existing resourceDirectory C:\Users\lucag\Documents\LUCA\2025\OO2\Practica\Resoluciones\ej-biblioteca\src\main\resources
2025-04-29 10:28:17,964 [Worker-17: Building] INFO  o.e.m.c.i.embedder.EclipseLogger - Using 'UTF-8' encoding to copy filtered resources.
2025-04-29 10:28:17,964 [Worker-17: Building] INFO  o.e.m.c.i.embedder.EclipseLogger - skip non existing resourceDirectory C:\Users\lucag\Documents\LUCA\2025\OO2\Practica\Resoluciones\ej-biblioteca\src\test\resources
2025-04-29 10:33:42,916 [Worker-37: Building] INFO  o.e.m.c.i.embedder.EclipseLogger - Using 'UTF-8' encoding to copy filtered resources.
2025-04-29 10:33:42,916 [Worker-37: Building] INFO  o.e.m.c.i.embedder.EclipseLogger - skip non existing resourceDirectory C:\Users\lucag\Documents\LUCA\2025\OO2\Practica\Resoluciones\ej-biblioteca\src\main\resources
2025-04-29 10:33:42,920 [Worker-37: Building] INFO  o.e.m.c.i.embedder.EclipseLogger - Using 'UTF-8' encoding to copy filtered resources.
2025-04-29 10:33:42,920 [Worker-37: Building] INFO  o.e.m.c.i.embedder.EclipseLogger - skip non existing resourceDirectory C:\Users\lucag\Documents\LUCA\2025\OO2\Practica\Resoluciones\ej-biblioteca\src\test\resources
2025-04-29 10:34:42,450 [Worker-35: Building] INFO  o.e.m.c.i.embedder.EclipseLogger - Using 'UTF-8' encoding to copy filtered resources.
2025-04-29 10:34:42,450 [Worker-35: Building] INFO  o.e.m.c.i.embedder.EclipseLogger - skip non existing resourceDirectory C:\Users\lucag\Documents\LUCA\2025\OO2\Practica\Resoluciones\ej-biblioteca\src\main\resources
2025-04-29 10:34:42,452 [Worker-35: Building] INFO  o.e.m.c.i.embedder.EclipseLogger - Using 'UTF-8' encoding to copy filtered resources.
2025-04-29 10:34:42,453 [Worker-35: Building] INFO  o.e.m.c.i.embedder.EclipseLogger - skip non existing resourceDirectory C:\Users\lucag\Documents\LUCA\2025\OO2\Practica\Resoluciones\ej-biblioteca\src\test\resources
2025-04-29 10:36:21,401 [Worker-17: Building] INFO  o.e.m.c.i.embedder.EclipseLogger - Using 'UTF-8' encoding to copy filtered resources.
2025-04-29 10:36:21,401 [Worker-17: Building] INFO  o.e.m.c.i.embedder.EclipseLogger - skip non existing resourceDirectory C:\Users\lucag\Documents\LUCA\2025\OO2\Practica\Resoluciones\ej-biblioteca\src\main\resources
2025-04-29 10:36:21,403 [Worker-17: Building] INFO  o.e.m.c.i.embedder.EclipseLogger - Using 'UTF-8' encoding to copy filtered resources.
2025-04-29 10:36:21,404 [Worker-17: Building] INFO  o.e.m.c.i.embedder.EclipseLogger - skip non existing resourceDirectory C:\Users\lucag\Documents\LUCA\2025\OO2\Practica\Resoluciones\ej-biblioteca\src\test\resources
2025-04-29 10:40:17,400 [Worker-23: Building] INFO  o.e.m.c.i.embedder.EclipseLogger - Using 'UTF-8' encoding to copy filtered resources.
2025-04-29 10:40:17,401 [Worker-23: Building] INFO  o.e.m.c.i.embedder.EclipseLogger - skip non existing resourceDirectory C:\Users\lucag\Documents\LUCA\2025\OO2\Practica\Resoluciones\ej-biblioteca\src\main\resources
2025-04-29 10:40:17,403 [Worker-23: Building] INFO  o.e.m.c.i.embedder.EclipseLogger - Using 'UTF-8' encoding to copy filtered resources.
2025-04-29 10:40:17,403 [Worker-23: Building] INFO  o.e.m.c.i.embedder.EclipseLogger - skip non existing resourceDirectory C:\Users\lucag\Documents\LUCA\2025\OO2\Practica\Resoluciones\ej-biblioteca\src\test\resources
2025-04-29 10:40:32,259 [Worker-23: Building] INFO  o.e.m.c.i.embedder.EclipseLogger - Using 'UTF-8' encoding to copy filtered resources.
2025-04-29 10:40:32,260 [Worker-23: Building] INFO  o.e.m.c.i.embedder.EclipseLogger - skip non existing resourceDirectory C:\Users\lucag\Documents\LUCA\2025\OO2\Practica\Resoluciones\ej-biblioteca\src\main\resources
2025-04-29 10:40:32,262 [Worker-23: Building] INFO  o.e.m.c.i.embedder.EclipseLogger - Using 'UTF-8' encoding to copy filtered resources.
2025-04-29 10:40:32,262 [Worker-23: Building] INFO  o.e.m.c.i.embedder.EclipseLogger - skip non existing resourceDirectory C:\Users\lucag\Documents\LUCA\2025\OO2\Practica\Resoluciones\ej-biblioteca\src\test\resources
2025-04-29 10:41:00,497 [Worker-23: Building] INFO  o.e.m.c.i.embedder.EclipseLogger - Using 'UTF-8' encoding to copy filtered resources.
2025-04-29 10:41:00,498 [Worker-23: Building] INFO  o.e.m.c.i.embedder.EclipseLogger - skip non existing resourceDirectory C:\Users\lucag\Documents\LUCA\2025\OO2\Practica\Resoluciones\ej-biblioteca\src\main\resources
2025-04-29 10:41:00,499 [Worker-23: Building] INFO  o.e.m.c.i.embedder.EclipseLogger - Using 'UTF-8' encoding to copy filtered resources.
2025-04-29 10:41:00,499 [Worker-23: Building] INFO  o.e.m.c.i.embedder.EclipseLogger - skip non existing resourceDirectory C:\Users\lucag\Documents\LUCA\2025\OO2\Practica\Resoluciones\ej-biblioteca\src\test\resources
2025-04-29 10:41:04,379 [Worker-40: Building] INFO  o.e.m.c.i.embedder.EclipseLogger - Using 'UTF-8' encoding to copy filtered resources.
2025-04-29 10:41:04,380 [Worker-40: Building] INFO  o.e.m.c.i.embedder.EclipseLogger - skip non existing resourceDirectory C:\Users\lucag\Documents\LUCA\2025\OO2\Practica\Resoluciones\ej-biblioteca\src\main\resources
2025-04-29 10:41:04,381 [Worker-40: Building] INFO  o.e.m.c.i.embedder.EclipseLogger - Using 'UTF-8' encoding to copy filtered resources.
2025-04-29 10:41:04,382 [Worker-40: Building] INFO  o.e.m.c.i.embedder.EclipseLogger - skip non existing resourceDirectory C:\Users\lucag\Documents\LUCA\2025\OO2\Practica\Resoluciones\ej-biblioteca\src\test\resources
2025-04-29 10:42:02,073 [Worker-23: Building] INFO  o.e.m.c.i.embedder.EclipseLogger - Using 'UTF-8' encoding to copy filtered resources.
2025-04-29 10:42:02,073 [Worker-23: Building] INFO  o.e.m.c.i.embedder.EclipseLogger - skip non existing resourceDirectory C:\Users\lucag\Documents\LUCA\2025\OO2\Practica\Resoluciones\ej-biblioteca\src\main\resources
2025-04-29 10:42:02,075 [Worker-23: Building] INFO  o.e.m.c.i.embedder.EclipseLogger - Using 'UTF-8' encoding to copy filtered resources.
2025-04-29 10:42:02,075 [Worker-23: Building] INFO  o.e.m.c.i.embedder.EclipseLogger - skip non existing resourceDirectory C:\Users\lucag\Documents\LUCA\2025\OO2\Practica\Resoluciones\ej-biblioteca\src\test\resources
2025-04-29 10:44:01,687 [Worker-44: Building] INFO  o.e.m.c.i.embedder.EclipseLogger - Using 'UTF-8' encoding to copy filtered resources.
2025-04-29 10:44:01,687 [Worker-44: Building] INFO  o.e.m.c.i.embedder.EclipseLogger - skip non existing resourceDirectory C:\Users\lucag\Documents\LUCA\2025\OO2\Practica\Resoluciones\ej-biblioteca\src\main\resources
2025-04-29 10:44:01,690 [Worker-44: Building] INFO  o.e.m.c.i.embedder.EclipseLogger - Using 'UTF-8' encoding to copy filtered resources.
2025-04-29 10:44:01,690 [Worker-44: Building] INFO  o.e.m.c.i.embedder.EclipseLogger - skip non existing resourceDirectory C:\Users\lucag\Documents\LUCA\2025\OO2\Practica\Resoluciones\ej-biblioteca\src\test\resources
2025-04-29 10:44:03,854 [Worker-43: Building] INFO  o.e.m.c.i.embedder.EclipseLogger - Using 'UTF-8' encoding to copy filtered resources.
2025-04-29 10:44:03,855 [Worker-43: Building] INFO  o.e.m.c.i.embedder.EclipseLogger - skip non existing resourceDirectory C:\Users\lucag\Documents\LUCA\2025\OO2\Practica\Resoluciones\ej-biblioteca\src\main\resources
2025-04-29 10:44:03,856 [Worker-43: Building] INFO  o.e.m.c.i.embedder.EclipseLogger - Using 'UTF-8' encoding to copy filtered resources.
2025-04-29 10:44:03,856 [Worker-43: Building] INFO  o.e.m.c.i.embedder.EclipseLogger - skip non existing resourceDirectory C:\Users\lucag\Documents\LUCA\2025\OO2\Practica\Resoluciones\ej-biblioteca\src\test\resources
2025-04-29 10:45:42,314 [Worker-45: Building] INFO  o.e.m.c.i.embedder.EclipseLogger - Using 'UTF-8' encoding to copy filtered resources.
2025-04-29 10:45:42,314 [Worker-45: Building] INFO  o.e.m.c.i.embedder.EclipseLogger - skip non existing resourceDirectory C:\Users\lucag\Documents\LUCA\2025\OO2\Practica\Resoluciones\ej-biblioteca\src\main\resources
2025-04-29 10:45:42,316 [Worker-45: Building] INFO  o.e.m.c.i.embedder.EclipseLogger - Using 'UTF-8' encoding to copy filtered resources.
2025-04-29 10:45:42,316 [Worker-45: Building] INFO  o.e.m.c.i.embedder.EclipseLogger - skip non existing resourceDirectory C:\Users\lucag\Documents\LUCA\2025\OO2\Practica\Resoluciones\ej-biblioteca\src\test\resources
2025-04-29 10:46:20,797 [Worker-36: Building] INFO  o.e.m.c.i.embedder.EclipseLogger - Using 'UTF-8' encoding to copy filtered resources.
2025-04-29 10:46:20,798 [Worker-36: Building] INFO  o.e.m.c.i.embedder.EclipseLogger - skip non existing resourceDirectory C:\Users\lucag\Documents\LUCA\2025\OO2\Practica\Resoluciones\ej-biblioteca\src\main\resources
2025-04-29 10:46:20,799 [Worker-36: Building] INFO  o.e.m.c.i.embedder.EclipseLogger - Using 'UTF-8' encoding to copy filtered resources.
2025-04-29 10:46:20,799 [Worker-36: Building] INFO  o.e.m.c.i.embedder.EclipseLogger - skip non existing resourceDirectory C:\Users\lucag\Documents\LUCA\2025\OO2\Practica\Resoluciones\ej-biblioteca\src\test\resources
2025-04-29 10:46:27,422 [Worker-42: Building] INFO  o.e.m.c.i.embedder.EclipseLogger - Using 'UTF-8' encoding to copy filtered resources.
2025-04-29 10:46:27,423 [Worker-42: Building] INFO  o.e.m.c.i.embedder.EclipseLogger - skip non existing resourceDirectory C:\Users\lucag\Documents\LUCA\2025\OO2\Practica\Resoluciones\ej-biblioteca\src\main\resources
2025-04-29 10:46:27,424 [Worker-42: Building] INFO  o.e.m.c.i.embedder.EclipseLogger - Using 'UTF-8' encoding to copy filtered resources.
2025-04-29 10:46:27,424 [Worker-42: Building] INFO  o.e.m.c.i.embedder.EclipseLogger - skip non existing resourceDirectory C:\Users\lucag\Documents\LUCA\2025\OO2\Practica\Resoluciones\ej-biblioteca\src\test\resources
2025-04-29 10:47:16,698 [Worker-44: Building] INFO  o.e.m.c.i.embedder.EclipseLogger - Using 'UTF-8' encoding to copy filtered resources.
2025-04-29 10:47:16,699 [Worker-44: Building] INFO  o.e.m.c.i.embedder.EclipseLogger - skip non existing resourceDirectory C:\Users\lucag\Documents\LUCA\2025\OO2\Practica\Resoluciones\ej-biblioteca\src\main\resources
2025-04-29 10:47:16,700 [Worker-44: Building] INFO  o.e.m.c.i.embedder.EclipseLogger - Using 'UTF-8' encoding to copy filtered resources.
2025-04-29 10:47:16,701 [Worker-44: Building] INFO  o.e.m.c.i.embedder.EclipseLogger - skip non existing resourceDirectory C:\Users\lucag\Documents\LUCA\2025\OO2\Practica\Resoluciones\ej-biblioteca\src\test\resources
2025-04-29 10:47:42,100 [Worker-44: Building] INFO  o.e.m.c.i.embedder.EclipseLogger - Using 'UTF-8' encoding to copy filtered resources.
2025-04-29 10:47:42,100 [Worker-44: Building] INFO  o.e.m.c.i.embedder.EclipseLogger - skip non existing resourceDirectory C:\Users\lucag\Documents\LUCA\2025\OO2\Practica\Resoluciones\ej-biblioteca\src\main\resources
2025-04-29 10:47:42,103 [Worker-44: Building] INFO  o.e.m.c.i.embedder.EclipseLogger - Using 'UTF-8' encoding to copy filtered resources.
2025-04-29 10:47:42,103 [Worker-44: Building] INFO  o.e.m.c.i.embedder.EclipseLogger - skip non existing resourceDirectory C:\Users\lucag\Documents\LUCA\2025\OO2\Practica\Resoluciones\ej-biblioteca\src\test\resources
2025-04-29 10:48:05,215 [Worker-44: Building] INFO  o.e.m.c.i.embedder.EclipseLogger - Using 'UTF-8' encoding to copy filtered resources.
2025-04-29 10:48:05,215 [Worker-44: Building] INFO  o.e.m.c.i.embedder.EclipseLogger - skip non existing resourceDirectory C:\Users\lucag\Documents\LUCA\2025\OO2\Practica\Resoluciones\ej-biblioteca\src\main\resources
2025-04-29 10:48:05,216 [Worker-44: Building] INFO  o.e.m.c.i.embedder.EclipseLogger - Using 'UTF-8' encoding to copy filtered resources.
2025-04-29 10:48:05,217 [Worker-44: Building] INFO  o.e.m.c.i.embedder.EclipseLogger - skip non existing resourceDirectory C:\Users\lucag\Documents\LUCA\2025\OO2\Practica\Resoluciones\ej-biblioteca\src\test\resources
2025-04-29 10:48:41,306 [Worker-36: Building] INFO  o.e.m.c.i.embedder.EclipseLogger - Using 'UTF-8' encoding to copy filtered resources.
2025-04-29 10:48:41,307 [Worker-36: Building] INFO  o.e.m.c.i.embedder.EclipseLogger - skip non existing resourceDirectory C:\Users\lucag\Documents\LUCA\2025\OO2\Practica\Resoluciones\ej-biblioteca\src\main\resources
2025-04-29 10:48:41,309 [Worker-36: Building] INFO  o.e.m.c.i.embedder.EclipseLogger - Using 'UTF-8' encoding to copy filtered resources.
2025-04-29 10:48:41,309 [Worker-36: Building] INFO  o.e.m.c.i.embedder.EclipseLogger - skip non existing resourceDirectory C:\Users\lucag\Documents\LUCA\2025\OO2\Practica\Resoluciones\ej-biblioteca\src\test\resources
2025-04-29 10:49:03,260 [Worker-42: Building] INFO  o.e.m.c.i.embedder.EclipseLogger - Using 'UTF-8' encoding to copy filtered resources.
2025-04-29 10:49:03,260 [Worker-42: Building] INFO  o.e.m.c.i.embedder.EclipseLogger - skip non existing resourceDirectory C:\Users\lucag\Documents\LUCA\2025\OO2\Practica\Resoluciones\ej-biblioteca\src\main\resources
2025-04-29 10:49:03,261 [Worker-42: Building] INFO  o.e.m.c.i.embedder.EclipseLogger - Using 'UTF-8' encoding to copy filtered resources.
2025-04-29 10:49:03,262 [Worker-42: Building] INFO  o.e.m.c.i.embedder.EclipseLogger - skip non existing resourceDirectory C:\Users\lucag\Documents\LUCA\2025\OO2\Practica\Resoluciones\ej-biblioteca\src\test\resources
2025-04-29 10:50:20,858 [Worker-46: Building] INFO  o.e.m.c.i.embedder.EclipseLogger - Using 'UTF-8' encoding to copy filtered resources.
2025-04-29 10:50:20,859 [Worker-46: Building] INFO  o.e.m.c.i.embedder.EclipseLogger - skip non existing resourceDirectory C:\Users\lucag\Documents\LUCA\2025\OO2\Practica\Resoluciones\ej-biblioteca\src\main\resources
2025-04-29 10:50:20,860 [Worker-46: Building] INFO  o.e.m.c.i.embedder.EclipseLogger - Using 'UTF-8' encoding to copy filtered resources.
2025-04-29 10:50:20,861 [Worker-46: Building] INFO  o.e.m.c.i.embedder.EclipseLogger - skip non existing resourceDirectory C:\Users\lucag\Documents\LUCA\2025\OO2\Practica\Resoluciones\ej-biblioteca\src\test\resources
2025-04-29 10:50:29,716 [Worker-36: Building] INFO  o.e.m.c.i.embedder.EclipseLogger - Using 'UTF-8' encoding to copy filtered resources.
2025-04-29 10:50:29,716 [Worker-36: Building] INFO  o.e.m.c.i.embedder.EclipseLogger - skip non existing resourceDirectory C:\Users\lucag\Documents\LUCA\2025\OO2\Practica\Resoluciones\ej-biblioteca\src\main\resources
2025-04-29 10:50:29,718 [Worker-36: Building] INFO  o.e.m.c.i.embedder.EclipseLogger - Using 'UTF-8' encoding to copy filtered resources.
2025-04-29 10:50:29,718 [Worker-36: Building] INFO  o.e.m.c.i.embedder.EclipseLogger - skip non existing resourceDirectory C:\Users\lucag\Documents\LUCA\2025\OO2\Practica\Resoluciones\ej-biblioteca\src\test\resources
2025-04-29 10:50:35,724 [Worker-43: Building] INFO  o.e.m.c.i.embedder.EclipseLogger - Using 'UTF-8' encoding to copy filtered resources.
2025-04-29 10:50:35,725 [Worker-43: Building] INFO  o.e.m.c.i.embedder.EclipseLogger - skip non existing resourceDirectory C:\Users\lucag\Documents\LUCA\2025\OO2\Practica\Resoluciones\ej-biblioteca\src\main\resources
2025-04-29 10:50:35,726 [Worker-43: Building] INFO  o.e.m.c.i.embedder.EclipseLogger - Using 'UTF-8' encoding to copy filtered resources.
2025-04-29 10:50:35,727 [Worker-43: Building] INFO  o.e.m.c.i.embedder.EclipseLogger - skip non existing resourceDirectory C:\Users\lucag\Documents\LUCA\2025\OO2\Practica\Resoluciones\ej-biblioteca\src\test\resources
2025-04-29 10:50:44,852 [Worker-45: Building] INFO  o.e.m.c.i.embedder.EclipseLogger - Using 'UTF-8' encoding to copy filtered resources.
2025-04-29 10:50:44,853 [Worker-45: Building] INFO  o.e.m.c.i.embedder.EclipseLogger - skip non existing resourceDirectory C:\Users\lucag\Documents\LUCA\2025\OO2\Practica\Resoluciones\ej-biblioteca\src\main\resources
2025-04-29 10:50:44,854 [Worker-45: Building] INFO  o.e.m.c.i.embedder.EclipseLogger - Using 'UTF-8' encoding to copy filtered resources.
2025-04-29 10:50:44,855 [Worker-45: Building] INFO  o.e.m.c.i.embedder.EclipseLogger - skip non existing resourceDirectory C:\Users\lucag\Documents\LUCA\2025\OO2\Practica\Resoluciones\ej-biblioteca\src\test\resources
2025-04-29 11:02:32,000 [Worker-42: Building] INFO  o.e.m.c.i.embedder.EclipseLogger - Using 'UTF-8' encoding to copy filtered resources.
2025-04-29 11:02:32,001 [Worker-42: Building] INFO  o.e.m.c.i.embedder.EclipseLogger - skip non existing resourceDirectory C:\Users\lucag\Documents\LUCA\2025\OO2\Practica\Resoluciones\ej-biblioteca\src\main\resources
2025-04-29 11:02:32,003 [Worker-42: Building] INFO  o.e.m.c.i.embedder.EclipseLogger - Using 'UTF-8' encoding to copy filtered resources.
2025-04-29 11:02:32,003 [Worker-42: Building] INFO  o.e.m.c.i.embedder.EclipseLogger - skip non existing resourceDirectory C:\Users\lucag\Documents\LUCA\2025\OO2\Practica\Resoluciones\ej-biblioteca\src\test\resources
2025-04-29 11:03:21,480 [Worker-44: Building] INFO  o.e.m.c.i.embedder.EclipseLogger - Using 'UTF-8' encoding to copy filtered resources.
2025-04-29 11:03:21,481 [Worker-44: Building] INFO  o.e.m.c.i.embedder.EclipseLogger - skip non existing resourceDirectory C:\Users\lucag\Documents\LUCA\2025\OO2\Practica\Resoluciones\ej-biblioteca\src\main\resources
2025-04-29 11:03:21,483 [Worker-44: Building] INFO  o.e.m.c.i.embedder.EclipseLogger - Using 'UTF-8' encoding to copy filtered resources.
2025-04-29 11:03:21,483 [Worker-44: Building] INFO  o.e.m.c.i.embedder.EclipseLogger - skip non existing resourceDirectory C:\Users\lucag\Documents\LUCA\2025\OO2\Practica\Resoluciones\ej-biblioteca\src\test\resources
2025-04-29 11:04:43,632 [Worker-42: Building] INFO  o.e.m.c.i.embedder.EclipseLogger - Using 'UTF-8' encoding to copy filtered resources.
2025-04-29 11:04:43,632 [Worker-42: Building] INFO  o.e.m.c.i.embedder.EclipseLogger - skip non existing resourceDirectory C:\Users\lucag\Documents\LUCA\2025\OO2\Practica\Resoluciones\ej-biblioteca\src\main\resources
2025-04-29 11:04:43,634 [Worker-42: Building] INFO  o.e.m.c.i.embedder.EclipseLogger - Using 'UTF-8' encoding to copy filtered resources.
2025-04-29 11:04:43,634 [Worker-42: Building] INFO  o.e.m.c.i.embedder.EclipseLogger - skip non existing resourceDirectory C:\Users\lucag\Documents\LUCA\2025\OO2\Practica\Resoluciones\ej-biblioteca\src\test\resources
2025-04-29 11:13:25,119 [Worker-51: Building] INFO  o.e.m.c.i.embedder.EclipseLogger - Using 'UTF-8' encoding to copy filtered resources.
2025-04-29 11:13:25,119 [Worker-51: Building] INFO  o.e.m.c.i.embedder.EclipseLogger - skip non existing resourceDirectory C:\Users\lucag\Documents\LUCA\2025\OO2\Practica\Resoluciones\ej-biblioteca\src\main\resources
2025-04-29 11:13:25,121 [Worker-51: Building] INFO  o.e.m.c.i.embedder.EclipseLogger - Using 'UTF-8' encoding to copy filtered resources.
2025-04-29 11:13:25,121 [Worker-51: Building] INFO  o.e.m.c.i.embedder.EclipseLogger - skip non existing resourceDirectory C:\Users\lucag\Documents\LUCA\2025\OO2\Practica\Resoluciones\ej-biblioteca\src\test\resources
2025-04-29 11:13:43,751 [Worker-48: Building] INFO  o.e.m.c.i.embedder.EclipseLogger - Using 'UTF-8' encoding to copy filtered resources.
2025-04-29 11:13:43,752 [Worker-48: Building] INFO  o.e.m.c.i.embedder.EclipseLogger - skip non existing resourceDirectory C:\Users\lucag\Documents\LUCA\2025\OO2\Practica\Resoluciones\ej-biblioteca\src\main\resources
2025-04-29 11:13:43,753 [Worker-48: Building] INFO  o.e.m.c.i.embedder.EclipseLogger - Using 'UTF-8' encoding to copy filtered resources.
2025-04-29 11:13:43,754 [Worker-48: Building] INFO  o.e.m.c.i.embedder.EclipseLogger - skip non existing resourceDirectory C:\Users\lucag\Documents\LUCA\2025\OO2\Practica\Resoluciones\ej-biblioteca\src\test\resources
2025-04-29 11:16:55,573 [Worker-48: Building] INFO  o.e.m.c.i.l.LifecycleMappingFactory - Using org.eclipse.m2e.jdt.JarLifecycleMapping lifecycle mapping for MavenProject: ar.edu.unlp.info.oo2:biblioteca:0.0.2 @ C:\Users\lucag\Documents\LUCA\2025\OO2\Practica\Resoluciones\ej-biblioteca\pom.xml.
2025-04-29 11:16:56,459 [Worker-48: Building] INFO  o.e.m.c.i.embedder.EclipseLogger - Using 'UTF-8' encoding to copy filtered resources.
2025-04-29 11:16:56,460 [Worker-48: Building] INFO  o.e.m.c.i.embedder.EclipseLogger - skip non existing resourceDirectory C:\Users\lucag\Documents\LUCA\2025\OO2\Practica\Resoluciones\ej-biblioteca\src\main\resources
2025-04-29 11:16:56,462 [Worker-48: Building] INFO  o.e.m.c.i.embedder.EclipseLogger - Using 'UTF-8' encoding to copy filtered resources.
2025-04-29 11:16:56,462 [Worker-48: Building] INFO  o.e.m.c.i.embedder.EclipseLogger - skip non existing resourceDirectory C:\Users\lucag\Documents\LUCA\2025\OO2\Practica\Resoluciones\ej-biblioteca\src\test\resources
2025-04-29 11:16:56,911 [Worker-55: Download sources and javadoc] INFO  o.e.m.c.i.e.AbstractTransferListenerAdapter - Downloading https://repo.maven.apache.org/maven2/com/fasterxml/jackson/core/jackson-databind/2.17.2/jackson-databind-2.17.2-sources.jar
2025-04-29 11:16:57,113 [Worker-55: Download sources and javadoc] INFO  o.e.m.c.i.e.AbstractTransferListenerAdapter - Downloaded https://repo.maven.apache.org/maven2/com/fasterxml/jackson/core/jackson-databind/2.17.2/jackson-databind-2.17.2-sources.jar
2025-04-29 11:16:57,117 [Worker-55: Download sources and javadoc] INFO  o.e.m.j.internal.DownloadSourcesJob - Downloaded sources for com.fasterxml.jackson.core:jackson-databind:2.17.2
2025-04-29 11:16:57,197 [Worker-55: Download sources and javadoc] INFO  o.e.m.c.i.e.AbstractTransferListenerAdapter - Downloading https://repo.maven.apache.org/maven2/com/fasterxml/jackson/core/jackson-annotations/2.17.2/jackson-annotations-2.17.2-sources.jar
2025-04-29 11:16:57,265 [Worker-55: Download sources and javadoc] INFO  o.e.m.c.i.e.AbstractTransferListenerAdapter - Downloaded https://repo.maven.apache.org/maven2/com/fasterxml/jackson/core/jackson-annotations/2.17.2/jackson-annotations-2.17.2-sources.jar
2025-04-29 11:16:57,268 [Worker-55: Download sources and javadoc] INFO  o.e.m.j.internal.DownloadSourcesJob - Downloaded sources for com.fasterxml.jackson.core:jackson-annotations:2.17.2
2025-04-29 11:16:57,334 [Worker-55: Download sources and javadoc] INFO  o.e.m.c.i.e.AbstractTransferListenerAdapter - Downloading https://repo.maven.apache.org/maven2/com/fasterxml/jackson/core/jackson-core/2.17.2/jackson-core-2.17.2-sources.jar
2025-04-29 11:16:57,430 [Worker-55: Download sources and javadoc] INFO  o.e.m.c.i.e.AbstractTransferListenerAdapter - Downloaded https://repo.maven.apache.org/maven2/com/fasterxml/jackson/core/jackson-core/2.17.2/jackson-core-2.17.2-sources.jar
2025-04-29 11:16:57,433 [Worker-55: Download sources and javadoc] INFO  o.e.m.j.internal.DownloadSourcesJob - Downloaded sources for com.fasterxml.jackson.core:jackson-core:2.17.2
2025-04-29 11:18:17,472 [Worker-57: Building] INFO  o.e.m.c.i.embedder.EclipseLogger - Using 'UTF-8' encoding to copy filtered resources.
2025-04-29 11:18:17,472 [Worker-57: Building] INFO  o.e.m.c.i.embedder.EclipseLogger - skip non existing resourceDirectory C:\Users\lucag\Documents\LUCA\2025\OO2\Practica\Resoluciones\ej-biblioteca\src\main\resources
2025-04-29 11:18:17,474 [Worker-57: Building] INFO  o.e.m.c.i.embedder.EclipseLogger - Using 'UTF-8' encoding to copy filtered resources.
2025-04-29 11:18:17,474 [Worker-57: Building] INFO  o.e.m.c.i.embedder.EclipseLogger - skip non existing resourceDirectory C:\Users\lucag\Documents\LUCA\2025\OO2\Practica\Resoluciones\ej-biblioteca\src\test\resources
2025-04-29 11:23:38,933 [Worker-62: Building] INFO  o.e.m.c.i.embedder.EclipseLogger - Using 'UTF-8' encoding to copy filtered resources.
2025-04-29 11:23:38,934 [Worker-62: Building] INFO  o.e.m.c.i.embedder.EclipseLogger - skip non existing resourceDirectory C:\Users\lucag\Documents\LUCA\2025\OO2\Practica\Resoluciones\ej-biblioteca\src\main\resources
2025-04-29 11:23:38,936 [Worker-62: Building] INFO  o.e.m.c.i.embedder.EclipseLogger - Using 'UTF-8' encoding to copy filtered resources.
2025-04-29 11:23:38,936 [Worker-62: Building] INFO  o.e.m.c.i.embedder.EclipseLogger - skip non existing resourceDirectory C:\Users\lucag\Documents\LUCA\2025\OO2\Practica\Resoluciones\ej-biblioteca\src\test\resources
2025-04-30 09:54:17,584 [Worker-3: Loading available Gradle versions] INFO  o.e.b.c.i.u.g.PublishedGradleVersions - Gradle version information cache is up-to-date. Trying to read.
2025-05-08 09:35:45,291 [Worker-5: Loading available Gradle versions] INFO  o.e.b.c.i.u.g.PublishedGradleVersions - Gradle version information cache is out-of-date. Trying to update.
2025-05-09 10:22:55,100 [Worker-5: Loading available Gradle versions] INFO  o.e.b.c.i.u.g.PublishedGradleVersions - Gradle version information cache is out-of-date. Trying to update.
2025-05-15 10:22:35,525 [Worker-2: Loading available Gradle versions] INFO  o.e.b.c.i.u.g.PublishedGradleVersions - Gradle version information cache is out-of-date. Trying to update.
2025-05-16 09:58:28,746 [Worker-4: Loading available Gradle versions] INFO  o.e.b.c.i.u.g.PublishedGradleVersions - Gradle version information cache is up-to-date. Trying to read.
2025-05-21 09:48:18,560 [Worker-5: Loading available Gradle versions] INFO  o.e.b.c.i.u.g.PublishedGradleVersions - Gradle version information cache is out-of-date. Trying to update.
2025-05-21 09:48:56,245 [Worker-25: Building] INFO  o.e.m.c.i.embedder.EclipseLogger - Using 'UTF-8' encoding to copy filtered resources.
2025-05-21 09:48:56,247 [Worker-25: Building] INFO  o.e.m.c.i.embedder.EclipseLogger - skip non existing resourceDirectory C:\Users\lucag\Documents\LUCA\2025\OO2\Practica\Resoluciones\ej-biblioteca\src\main\resources
2025-05-21 09:48:56,250 [Worker-25: Building] INFO  o.e.m.c.i.embedder.EclipseLogger - Using 'UTF-8' encoding to copy filtered resources.
2025-05-21 09:48:56,250 [Worker-25: Building] INFO  o.e.m.c.i.embedder.EclipseLogger - skip non existing resourceDirectory C:\Users\lucag\Documents\LUCA\2025\OO2\Practica\Resoluciones\ej-biblioteca\src\test\resources
2025-05-21 09:49:06,276 [Worker-18: Building] INFO  o.e.m.c.i.embedder.EclipseLogger - Using 'UTF-8' encoding to copy filtered resources.
2025-05-21 09:49:06,277 [Worker-18: Building] INFO  o.e.m.c.i.embedder.EclipseLogger - skip non existing resourceDirectory C:\Users\lucag\Documents\LUCA\2025\OO2\Practica\Resoluciones\ej-biblioteca\src\main\resources
2025-05-21 09:49:06,279 [Worker-18: Building] INFO  o.e.m.c.i.embedder.EclipseLogger - Using 'UTF-8' encoding to copy filtered resources.
2025-05-21 09:49:06,280 [Worker-18: Building] INFO  o.e.m.c.i.embedder.EclipseLogger - skip non existing resourceDirectory C:\Users\lucag\Documents\LUCA\2025\OO2\Practica\Resoluciones\ej-biblioteca\src\test\resources
2025-05-22 09:17:22,535 [Worker-4: Loading available Gradle versions] INFO  o.e.b.c.i.u.g.PublishedGradleVersions - Gradle version information cache is up-to-date. Trying to read.
2025-05-23 09:27:04,621 [Worker-6: Loading available Gradle versions] INFO  o.e.b.c.i.u.g.PublishedGradleVersions - Gradle version information cache is out-of-date. Trying to update.
2025-05-24 10:58:33,616 [Worker-5: Loading available Gradle versions] INFO  o.e.b.c.i.u.g.PublishedGradleVersions - Gradle version information cache is out-of-date. Trying to update.
2025-05-26 08:06:45,159 [Worker-2: Loading available Gradle versions] INFO  o.e.b.c.i.u.g.PublishedGradleVersions - Gradle version information cache is out-of-date. Trying to update.
2025-05-26 08:14:48,479 [Worker-13: Importing Maven projects] INFO  o.e.m.c.i.l.LifecycleMappingFactory - Using org.eclipse.m2e.jdt.JarLifecycleMapping lifecycle mapping for MavenProject: ar.info.juego:EncriptacionNuevo:0.0.1-SNAPSHOT @ C:\Users\lucag\Documents\LUCA\2025\OO2\Practica\Resoluciones\Ejercicio10\src\Clases\Encriptador\pom.xml.
2025-05-26 08:14:49,191 [Worker-13: Importing Maven projects] INFO  o.e.m.c.i.e.AbstractTransferListenerAdapter - Downloading https://repo.maven.apache.org/maven2/org/bouncycastle/bcprov-jdk15on/1.70/bcprov-jdk15on-1.70.pom
2025-05-26 08:14:49,231 [Worker-13: Importing Maven projects] INFO  o.e.m.c.i.e.AbstractTransferListenerAdapter - Downloaded https://repo.maven.apache.org/maven2/org/bouncycastle/bcprov-jdk15on/1.70/bcprov-jdk15on-1.70.pom
2025-05-26 08:14:49,256 [Worker-13: Importing Maven projects] INFO  o.e.m.c.i.e.AbstractTransferListenerAdapter - Downloading https://repo.maven.apache.org/maven2/org/bouncycastle/bcprov-jdk15on/1.70/bcprov-jdk15on-1.70.jar
2025-05-26 08:14:49,735 [Worker-13: Importing Maven projects] INFO  o.e.m.c.i.e.AbstractTransferListenerAdapter - Downloaded https://repo.maven.apache.org/maven2/org/bouncycastle/bcprov-jdk15on/1.70/bcprov-jdk15on-1.70.jar
2025-05-26 08:14:51,469 [Worker-13: Importing Maven projects] INFO  o.e.m.j.i.AbstractJavaProjectConfigurator - Adding source folder /EncriptacionNuevo/src/main/java
2025-05-26 08:14:51,480 [Worker-13: Importing Maven projects] INFO  o.e.m.j.i.AbstractJavaProjectConfigurator - Adding source folder /EncriptacionNuevo/src/test/java
2025-05-26 08:14:51,843 [Worker-13: Importing Maven projects] INFO  o.e.m.c.i.p.ProjectConfigurationManager - Imported and configured 1 project(s) in 8 sec
2025-05-26 08:14:52,194 [Worker-33: Download sources and javadoc] INFO  o.e.m.c.i.e.AbstractTransferListenerAdapter - Downloading https://repo.maven.apache.org/maven2/org/bouncycastle/bcprov-jdk15on/1.70/bcprov-jdk15on-1.70-sources.jar
2025-05-26 08:14:52,482 [Worker-33: Download sources and javadoc] INFO  o.e.m.c.i.e.AbstractTransferListenerAdapter - Downloaded https://repo.maven.apache.org/maven2/org/bouncycastle/bcprov-jdk15on/1.70/bcprov-jdk15on-1.70-sources.jar
2025-05-26 08:14:52,487 [Worker-33: Download sources and javadoc] INFO  o.e.m.j.internal.DownloadSourcesJob - Downloaded sources for org.bouncycastle:bcprov-jdk15on:1.70
2025-05-26 08:14:53,189 [Worker-32: Building] INFO  o.e.m.c.i.embedder.EclipseLogger - Using 'UTF-8' encoding to copy filtered resources.
2025-05-26 08:14:53,189 [Worker-32: Building] INFO  o.e.m.c.i.embedder.EclipseLogger - skip non existing resourceDirectory C:\Users\lucag\Documents\LUCA\2025\OO2\Practica\Resoluciones\Ejercicio10\src\Clases\Encriptador\src\main\resources
2025-05-26 08:14:53,193 [Worker-32: Building] INFO  o.e.m.c.i.embedder.EclipseLogger - Using 'UTF-8' encoding to copy filtered resources.
2025-05-26 08:14:53,193 [Worker-32: Building] INFO  o.e.m.c.i.embedder.EclipseLogger - skip non existing resourceDirectory C:\Users\lucag\Documents\LUCA\2025\OO2\Practica\Resoluciones\Ejercicio10\src\Clases\Encriptador\src\test\resources
2025-05-26 08:15:51,121 [Worker-32: Building] INFO  o.e.m.c.i.embedder.EclipseLogger - Using 'UTF-8' encoding to copy filtered resources.
2025-05-26 08:15:51,122 [Worker-32: Building] INFO  o.e.m.c.i.embedder.EclipseLogger - skip non existing resourceDirectory C:\Users\lucag\Documents\LUCA\2025\OO2\Practica\Resoluciones\Ejercicio10\src\Clases\Encriptador\src\main\resources
2025-05-26 08:15:51,123 [Worker-32: Building] INFO  o.e.m.c.i.embedder.EclipseLogger - Using 'UTF-8' encoding to copy filtered resources.
2025-05-26 08:15:51,124 [Worker-32: Building] INFO  o.e.m.c.i.embedder.EclipseLogger - skip non existing resourceDirectory C:\Users\lucag\Documents\LUCA\2025\OO2\Practica\Resoluciones\Ejercicio10\src\Clases\Encriptador\src\test\resources
2025-05-26 08:15:52,202 [Worker-20: Building] INFO  o.e.m.c.i.embedder.EclipseLogger - Using 'UTF-8' encoding to copy filtered resources.
2025-05-26 08:15:52,202 [Worker-20: Building] INFO  o.e.m.c.i.embedder.EclipseLogger - skip non existing resourceDirectory C:\Users\lucag\Documents\LUCA\2025\OO2\Practica\Resoluciones\Ejercicio10\src\Clases\Encriptador\src\main\resources
2025-05-26 08:15:52,204 [Worker-20: Building] INFO  o.e.m.c.i.embedder.EclipseLogger - Using 'UTF-8' encoding to copy filtered resources.
2025-05-26 08:15:52,204 [Worker-20: Building] INFO  o.e.m.c.i.embedder.EclipseLogger - skip non existing resourceDirectory C:\Users\lucag\Documents\LUCA\2025\OO2\Practica\Resoluciones\Ejercicio10\src\Clases\Encriptador\src\test\resources
2025-05-26 08:16:39,735 [Worker-31: Building] INFO  o.e.m.c.i.embedder.EclipseLogger - Using 'UTF-8' encoding to copy filtered resources.
2025-05-26 08:16:39,735 [Worker-31: Building] INFO  o.e.m.c.i.embedder.EclipseLogger - skip non existing resourceDirectory C:\Users\lucag\Documents\LUCA\2025\OO2\Practica\Resoluciones\Ejercicio10\src\Clases\Encriptador\src\main\resources
2025-05-26 08:16:39,737 [Worker-31: Building] INFO  o.e.m.c.i.embedder.EclipseLogger - Using 'UTF-8' encoding to copy filtered resources.
2025-05-26 08:16:39,738 [Worker-31: Building] INFO  o.e.m.c.i.embedder.EclipseLogger - skip non existing resourceDirectory C:\Users\lucag\Documents\LUCA\2025\OO2\Practica\Resoluciones\Ejercicio10\src\Clases\Encriptador\src\test\resources
2025-05-26 08:16:54,287 [Worker-34: Building] INFO  o.e.m.c.i.embedder.EclipseLogger - Using 'UTF-8' encoding to copy filtered resources.
2025-05-26 08:16:54,287 [Worker-34: Building] INFO  o.e.m.c.i.embedder.EclipseLogger - skip non existing resourceDirectory C:\Users\lucag\Documents\LUCA\2025\OO2\Practica\Resoluciones\Ejercicio10\src\Clases\Encriptador\src\main\resources
2025-05-26 08:16:54,289 [Worker-34: Building] INFO  o.e.m.c.i.embedder.EclipseLogger - Using 'UTF-8' encoding to copy filtered resources.
2025-05-26 08:16:54,289 [Worker-34: Building] INFO  o.e.m.c.i.embedder.EclipseLogger - skip non existing resourceDirectory C:\Users\lucag\Documents\LUCA\2025\OO2\Practica\Resoluciones\Ejercicio10\src\Clases\Encriptador\src\test\resources
2025-05-26 08:16:56,945 [Worker-31: Building] INFO  o.e.m.c.i.embedder.EclipseLogger - Using 'UTF-8' encoding to copy filtered resources.
2025-05-26 08:16:56,945 [Worker-31: Building] INFO  o.e.m.c.i.embedder.EclipseLogger - skip non existing resourceDirectory C:\Users\lucag\Documents\LUCA\2025\OO2\Practica\Resoluciones\Ejercicio10\src\Clases\Encriptador\src\main\resources
2025-05-26 08:16:56,947 [Worker-31: Building] INFO  o.e.m.c.i.embedder.EclipseLogger - Using 'UTF-8' encoding to copy filtered resources.
2025-05-26 08:16:56,947 [Worker-31: Building] INFO  o.e.m.c.i.embedder.EclipseLogger - skip non existing resourceDirectory C:\Users\lucag\Documents\LUCA\2025\OO2\Practica\Resoluciones\Ejercicio10\src\Clases\Encriptador\src\test\resources
2025-05-26 08:19:13,971 [Worker-13: Importing Maven projects] INFO  o.e.m.c.i.l.LifecycleMappingFactory - Using org.eclipse.m2e.jdt.JarLifecycleMapping lifecycle mapping for MavenProject: ar.info.juego:EncriptacionNuevo:0.0.1-SNAPSHOT @ C:\Users\lucag\Documents\LUCA\2025\OO2\Practica\Nueva carpeta\Encriptador\pom.xml.
2025-05-26 08:19:14,198 [Worker-13: Importing Maven projects] INFO  o.e.m.j.i.AbstractJavaProjectConfigurator - Adding source folder /EncriptacionNuevo/src/main/java
2025-05-26 08:19:14,204 [Worker-13: Importing Maven projects] INFO  o.e.m.j.i.AbstractJavaProjectConfigurator - Adding source folder /EncriptacionNuevo/src/test/java
2025-05-26 08:19:14,313 [Worker-13: Importing Maven projects] INFO  o.e.m.c.i.p.ProjectConfigurationManager - Imported and configured 1 project(s) in 0 sec
2025-05-26 08:19:14,700 [Worker-35: Building] INFO  o.e.m.c.i.embedder.EclipseLogger - Using 'UTF-8' encoding to copy filtered resources.
2025-05-26 08:19:14,701 [Worker-35: Building] INFO  o.e.m.c.i.embedder.EclipseLogger - skip non existing resourceDirectory C:\Users\lucag\Documents\LUCA\2025\OO2\Practica\Nueva carpeta\Encriptador\src\main\resources
2025-05-26 08:19:14,703 [Worker-35: Building] INFO  o.e.m.c.i.embedder.EclipseLogger - Using 'UTF-8' encoding to copy filtered resources.
2025-05-26 08:19:14,703 [Worker-35: Building] INFO  o.e.m.c.i.embedder.EclipseLogger - skip non existing resourceDirectory C:\Users\lucag\Documents\LUCA\2025\OO2\Practica\Nueva carpeta\Encriptador\src\test\resources
2025-05-26 08:19:37,402 [Worker-35: Building] INFO  o.e.m.c.i.embedder.EclipseLogger - Using 'UTF-8' encoding to copy filtered resources.
2025-05-26 08:19:37,402 [Worker-35: Building] INFO  o.e.m.c.i.embedder.EclipseLogger - skip non existing resourceDirectory C:\Users\lucag\Documents\LUCA\2025\OO2\Practica\Nueva carpeta\Encriptador\src\main\resources
2025-05-26 08:19:37,405 [Worker-35: Building] INFO  o.e.m.c.i.embedder.EclipseLogger - Using 'UTF-8' encoding to copy filtered resources.
2025-05-26 08:19:37,405 [Worker-35: Building] INFO  o.e.m.c.i.embedder.EclipseLogger - skip non existing resourceDirectory C:\Users\lucag\Documents\LUCA\2025\OO2\Practica\Nueva carpeta\Encriptador\src\test\resources
2025-05-26 08:19:52,483 [Worker-35: Building] INFO  o.e.m.c.i.embedder.EclipseLogger - Using 'UTF-8' encoding to copy filtered resources.
2025-05-26 08:19:52,483 [Worker-35: Building] INFO  o.e.m.c.i.embedder.EclipseLogger - skip non existing resourceDirectory C:\Users\lucag\Documents\LUCA\2025\OO2\Practica\Nueva carpeta\Encriptador\src\main\resources
2025-05-26 08:19:52,485 [Worker-35: Building] INFO  o.e.m.c.i.embedder.EclipseLogger - Using 'UTF-8' encoding to copy filtered resources.
2025-05-26 08:19:52,485 [Worker-35: Building] INFO  o.e.m.c.i.embedder.EclipseLogger - skip non existing resourceDirectory C:\Users\lucag\Documents\LUCA\2025\OO2\Practica\Nueva carpeta\Encriptador\src\test\resources
2025-05-26 21:50:11,784 [Worker-2: Loading available Gradle versions] INFO  o.e.b.c.i.u.g.PublishedGradleVersions - Gradle version information cache is up-to-date. Trying to read.
2025-05-27 09:28:04,151 [Worker-1: Loading available Gradle versions] INFO  o.e.b.c.i.u.g.PublishedGradleVersions - Gradle version information cache is out-of-date. Trying to update.
2025-05-28 09:59:59,709 [Worker-1: Loading available Gradle versions] INFO  o.e.b.c.i.u.g.PublishedGradleVersions - Gradle version information cache is out-of-date. Trying to update.
2025-05-29 08:57:53,326 [Worker-5: Loading available Gradle versions] INFO  o.e.b.c.i.u.g.PublishedGradleVersions - Gradle version information cache is up-to-date. Trying to read.
2025-05-30 09:09:59,509 [Worker-1: Loading available Gradle versions] INFO  o.e.b.c.i.u.g.PublishedGradleVersions - Gradle version information cache is out-of-date. Trying to update.
2025-05-30 09:11:05,504 [Worker-21: Building] INFO  o.e.m.c.i.embedder.EclipseLogger - Using 'UTF-8' encoding to copy filtered resources.
2025-05-30 09:11:05,506 [Worker-21: Building] INFO  o.e.m.c.i.embedder.EclipseLogger - skip non existing resourceDirectory C:\Users\lucag\Documents\LUCA\2025\OO2\Practica\Resoluciones\ej-biblioteca\src\main\resources
2025-05-30 09:11:05,509 [Worker-21: Building] INFO  o.e.m.c.i.embedder.EclipseLogger - Using 'UTF-8' encoding to copy filtered resources.
2025-05-30 09:11:05,510 [Worker-21: Building] INFO  o.e.m.c.i.embedder.EclipseLogger - skip non existing resourceDirectory C:\Users\lucag\Documents\LUCA\2025\OO2\Practica\Resoluciones\ej-biblioteca\src\test\resources
2025-05-31 10:49:49,189 [Worker-4: Loading available Gradle versions] INFO  o.e.b.c.i.u.g.PublishedGradleVersions - Gradle version information cache is out-of-date. Trying to update.
2025-05-31 10:49:49,601 [Worker-4: Loading available Gradle versions] INFO  o.e.b.c.i.u.g.PublishedGradleVersions - Updating Gradle version information cache failed. Using outdated cache.
2025-05-31 10:55:27,500 [Worker-13: Importing Maven projects] INFO  o.e.m.c.i.l.LifecycleMappingFactory - Using org.eclipse.m2e.jdt.JarLifecycleMapping lifecycle mapping for MavenProject: ar.edu.info.oo2:filtros:0.0.1-SNAPSHOT @ C:\Users\lucag\Documents\LUCA\2025\OO2\Practica\Resoluciones\filtros\pom.xml.
2025-05-31 10:55:30,003 [Worker-13: Importing Maven projects] INFO  o.e.m.j.i.AbstractJavaProjectConfigurator - Adding source folder /filtros/src/main/java
2025-05-31 10:55:30,004 [Worker-13: Importing Maven projects] INFO  o.e.m.j.i.AbstractJavaProjectConfigurator - Adding source folder /filtros/src/test/java
2025-05-31 10:55:30,302 [Worker-13: Importing Maven projects] INFO  o.e.m.c.i.p.ProjectConfigurationManager - Imported and configured 1 project(s) in 10 sec
2025-05-31 10:55:30,751 [Worker-36: Building] INFO  o.e.m.c.i.embedder.EclipseLogger - Using 'UTF-8' encoding to copy filtered resources.
2025-05-31 10:55:30,751 [Worker-36: Building] INFO  o.e.m.c.i.embedder.EclipseLogger - skip non existing resourceDirectory C:\Users\lucag\Documents\LUCA\2025\OO2\Practica\Resoluciones\filtros\src\main\resources
2025-05-31 10:55:30,755 [Worker-36: Building] INFO  o.e.m.c.i.embedder.EclipseLogger - Using 'UTF-8' encoding to copy filtered resources.
2025-05-31 10:55:30,755 [Worker-36: Building] INFO  o.e.m.c.i.embedder.EclipseLogger - skip non existing resourceDirectory C:\Users\lucag\Documents\LUCA\2025\OO2\Practica\Resoluciones\filtros\src\test\resources
2025-05-31 10:55:58,589 [Worker-35: Building] INFO  o.e.m.c.i.embedder.EclipseLogger - Using 'UTF-8' encoding to copy filtered resources.
2025-05-31 10:55:58,590 [Worker-35: Building] INFO  o.e.m.c.i.embedder.EclipseLogger - skip non existing resourceDirectory C:\Users\lucag\Documents\LUCA\2025\OO2\Practica\Resoluciones\filtros\src\main\resources
2025-05-31 10:55:58,592 [Worker-35: Building] INFO  o.e.m.c.i.embedder.EclipseLogger - Using 'UTF-8' encoding to copy filtered resources.
2025-05-31 10:55:58,593 [Worker-35: Building] INFO  o.e.m.c.i.embedder.EclipseLogger - skip non existing resourceDirectory C:\Users\lucag\Documents\LUCA\2025\OO2\Practica\Resoluciones\filtros\src\test\resources
2025-05-31 10:56:10,188 [Worker-34: Building] INFO  o.e.m.c.i.embedder.EclipseLogger - Using 'UTF-8' encoding to copy filtered resources.
2025-05-31 10:56:10,189 [Worker-34: Building] INFO  o.e.m.c.i.embedder.EclipseLogger - skip non existing resourceDirectory C:\Users\lucag\Documents\LUCA\2025\OO2\Practica\Resoluciones\filtros\src\main\resources
2025-05-31 10:56:10,192 [Worker-34: Building] INFO  o.e.m.c.i.embedder.EclipseLogger - Using 'UTF-8' encoding to copy filtered resources.
2025-05-31 10:56:10,192 [Worker-34: Building] INFO  o.e.m.c.i.embedder.EclipseLogger - skip non existing resourceDirectory C:\Users\lucag\Documents\LUCA\2025\OO2\Practica\Resoluciones\filtros\src\test\resources
2025-05-31 11:44:51,319 [Worker-49: Importing Maven projects] INFO  o.e.m.c.i.l.LifecycleMappingFactory - Using org.eclipse.m2e.jdt.JarLifecycleMapping lifecycle mapping for MavenProject: ar.edu.info.oo2:filters-pipes:0.0.1-SNAPSHOT @ C:\Users\lucag\Documents\LUCA\2025\OO2\Practica\Resoluciones\filters-pipes\pom.xml.
2025-05-31 11:44:52,845 [Worker-49: Importing Maven projects] INFO  o.e.m.j.i.AbstractJavaProjectConfigurator - Adding source folder /filters-pipes/src/main/java
2025-05-31 11:44:52,858 [Worker-49: Importing Maven projects] INFO  o.e.m.j.i.AbstractJavaProjectConfigurator - Adding source folder /filters-pipes/src/test/java
2025-05-31 11:44:53,143 [Worker-49: Importing Maven projects] INFO  o.e.m.c.i.p.ProjectConfigurationManager - Imported and configured 1 project(s) in 7 sec
2025-05-31 11:44:53,623 [Worker-54: Building] INFO  o.e.m.c.i.embedder.EclipseLogger - Using 'UTF-8' encoding to copy filtered resources.
2025-05-31 11:44:53,623 [Worker-54: Building] INFO  o.e.m.c.i.embedder.EclipseLogger - skip non existing resourceDirectory C:\Users\lucag\Documents\LUCA\2025\OO2\Practica\Resoluciones\filters-pipes\src\main\resources
2025-05-31 11:44:53,626 [Worker-54: Building] INFO  o.e.m.c.i.embedder.EclipseLogger - Using 'UTF-8' encoding to copy filtered resources.
2025-05-31 11:44:53,627 [Worker-54: Building] INFO  o.e.m.c.i.embedder.EclipseLogger - skip non existing resourceDirectory C:\Users\lucag\Documents\LUCA\2025\OO2\Practica\Resoluciones\filters-pipes\src\test\resources
2025-05-31 11:45:09,870 [Worker-54: Building] INFO  o.e.m.c.i.embedder.EclipseLogger - Using 'UTF-8' encoding to copy filtered resources.
2025-05-31 11:45:09,870 [Worker-54: Building] INFO  o.e.m.c.i.embedder.EclipseLogger - skip non existing resourceDirectory C:\Users\lucag\Documents\LUCA\2025\OO2\Practica\Resoluciones\filters-pipes\src\main\resources
2025-05-31 11:45:09,874 [Worker-54: Building] INFO  o.e.m.c.i.embedder.EclipseLogger - Using 'UTF-8' encoding to copy filtered resources.
2025-05-31 11:45:09,874 [Worker-54: Building] INFO  o.e.m.c.i.embedder.EclipseLogger - skip non existing resourceDirectory C:\Users\lucag\Documents\LUCA\2025\OO2\Practica\Resoluciones\filters-pipes\src\test\resources
2025-05-31 11:45:15,091 [Worker-53: Building] INFO  o.e.m.c.i.embedder.EclipseLogger - Using 'UTF-8' encoding to copy filtered resources.
2025-05-31 11:45:15,091 [Worker-53: Building] INFO  o.e.m.c.i.embedder.EclipseLogger - skip non existing resourceDirectory C:\Users\lucag\Documents\LUCA\2025\OO2\Practica\Resoluciones\filters-pipes\src\main\resources
2025-05-31 11:45:15,093 [Worker-53: Building] INFO  o.e.m.c.i.embedder.EclipseLogger - Using 'UTF-8' encoding to copy filtered resources.
2025-05-31 11:45:15,093 [Worker-53: Building] INFO  o.e.m.c.i.embedder.EclipseLogger - skip non existing resourceDirectory C:\Users\lucag\Documents\LUCA\2025\OO2\Practica\Resoluciones\filters-pipes\src\test\resources
2025-05-31 11:45:36,695 [Worker-53: Building] INFO  o.e.m.c.i.embedder.EclipseLogger - Using 'UTF-8' encoding to copy filtered resources.
2025-05-31 11:45:36,695 [Worker-53: Building] INFO  o.e.m.c.i.embedder.EclipseLogger - skip non existing resourceDirectory C:\Users\lucag\Documents\LUCA\2025\OO2\Practica\Resoluciones\filters-pipes\src\main\resources
2025-05-31 11:45:36,696 [Worker-53: Building] INFO  o.e.m.c.i.embedder.EclipseLogger - Using 'UTF-8' encoding to copy filtered resources.
2025-05-31 11:45:36,697 [Worker-53: Building] INFO  o.e.m.c.i.embedder.EclipseLogger - skip non existing resourceDirectory C:\Users\lucag\Documents\LUCA\2025\OO2\Practica\Resoluciones\filters-pipes\src\test\resources
2025-05-31 11:45:41,838 [Worker-53: Building] INFO  o.e.m.c.i.embedder.EclipseLogger - Using 'UTF-8' encoding to copy filtered resources.
2025-05-31 11:45:41,839 [Worker-53: Building] INFO  o.e.m.c.i.embedder.EclipseLogger - skip non existing resourceDirectory C:\Users\lucag\Documents\LUCA\2025\OO2\Practica\Resoluciones\filters-pipes\src\main\resources
2025-05-31 11:45:41,841 [Worker-53: Building] INFO  o.e.m.c.i.embedder.EclipseLogger - Using 'UTF-8' encoding to copy filtered resources.
2025-05-31 11:45:41,841 [Worker-53: Building] INFO  o.e.m.c.i.embedder.EclipseLogger - skip non existing resourceDirectory C:\Users\lucag\Documents\LUCA\2025\OO2\Practica\Resoluciones\filters-pipes\src\test\resources
2025-05-31 11:45:47,671 [Worker-41: Building] INFO  o.e.m.c.i.embedder.EclipseLogger - Using 'UTF-8' encoding to copy filtered resources.
2025-05-31 11:45:47,672 [Worker-41: Building] INFO  o.e.m.c.i.embedder.EclipseLogger - skip non existing resourceDirectory C:\Users\lucag\Documents\LUCA\2025\OO2\Practica\Resoluciones\filters-pipes\src\main\resources
2025-05-31 11:45:47,674 [Worker-41: Building] INFO  o.e.m.c.i.embedder.EclipseLogger - Using 'UTF-8' encoding to copy filtered resources.
2025-05-31 11:45:47,674 [Worker-41: Building] INFO  o.e.m.c.i.embedder.EclipseLogger - skip non existing resourceDirectory C:\Users\lucag\Documents\LUCA\2025\OO2\Practica\Resoluciones\filters-pipes\src\test\resources
2025-05-31 11:46:00,348 [Worker-41: Building] INFO  o.e.m.c.i.embedder.EclipseLogger - Using 'UTF-8' encoding to copy filtered resources.
2025-05-31 11:46:00,349 [Worker-41: Building] INFO  o.e.m.c.i.embedder.EclipseLogger - skip non existing resourceDirectory C:\Users\lucag\Documents\LUCA\2025\OO2\Practica\Resoluciones\filters-pipes\src\main\resources
2025-05-31 11:46:00,351 [Worker-41: Building] INFO  o.e.m.c.i.embedder.EclipseLogger - Using 'UTF-8' encoding to copy filtered resources.
2025-05-31 11:46:00,351 [Worker-41: Building] INFO  o.e.m.c.i.embedder.EclipseLogger - skip non existing resourceDirectory C:\Users\lucag\Documents\LUCA\2025\OO2\Practica\Resoluciones\filters-pipes\src\test\resources
2025-05-31 12:11:22,893 [Worker-41: Importing Maven projects] INFO  o.e.m.c.i.l.LifecycleMappingFactory - Using org.eclipse.m2e.jdt.JarLifecycleMapping lifecycle mapping for MavenProject: ar.edu.unlp.info.oo2:accesobd:0.0.1-SNAPSHOT @ C:\Users\lucag\Documents\LUCA\2025\OO2\Practica\Resoluciones\accesobd\pom.xml.
2025-05-31 12:11:23,237 [Worker-41: Importing Maven projects] INFO  o.e.m.j.i.AbstractJavaProjectConfigurator - Adding source folder /accesobd/src/main/java
2025-05-31 12:11:23,241 [Worker-41: Importing Maven projects] INFO  o.e.m.j.i.AbstractJavaProjectConfigurator - Adding source folder /accesobd/src/test/java
2025-05-31 12:11:23,318 [Worker-41: Importing Maven projects] INFO  o.e.m.c.i.p.ProjectConfigurationManager - Imported and configured 1 project(s) in 0 sec
2025-05-31 12:11:23,716 [Worker-55: Building] INFO  o.e.m.c.i.embedder.EclipseLogger - Using 'UTF-8' encoding to copy filtered resources.
2025-05-31 12:11:23,716 [Worker-55: Building] INFO  o.e.m.c.i.embedder.EclipseLogger - skip non existing resourceDirectory C:\Users\lucag\Documents\LUCA\2025\OO2\Practica\Resoluciones\accesobd\src\main\resources
2025-05-31 12:11:23,719 [Worker-55: Building] INFO  o.e.m.c.i.embedder.EclipseLogger - Using 'UTF-8' encoding to copy filtered resources.
2025-05-31 12:11:23,719 [Worker-55: Building] INFO  o.e.m.c.i.embedder.EclipseLogger - skip non existing resourceDirectory C:\Users\lucag\Documents\LUCA\2025\OO2\Practica\Resoluciones\accesobd\src\test\resources
2025-05-31 12:19:26,059 [Worker-58: Building] INFO  o.e.m.c.i.embedder.EclipseLogger - Using 'UTF-8' encoding to copy filtered resources.
2025-05-31 12:19:26,060 [Worker-58: Building] INFO  o.e.m.c.i.embedder.EclipseLogger - skip non existing resourceDirectory C:\Users\lucag\Documents\LUCA\2025\OO2\Practica\Resoluciones\accesobd\src\main\resources
2025-05-31 12:19:26,062 [Worker-58: Building] INFO  o.e.m.c.i.embedder.EclipseLogger - Using 'UTF-8' encoding to copy filtered resources.
2025-05-31 12:19:26,062 [Worker-58: Building] INFO  o.e.m.c.i.embedder.EclipseLogger - skip non existing resourceDirectory C:\Users\lucag\Documents\LUCA\2025\OO2\Practica\Resoluciones\accesobd\src\test\resources
2025-05-31 12:19:36,629 [Worker-60: Building] INFO  o.e.m.c.i.embedder.EclipseLogger - Using 'UTF-8' encoding to copy filtered resources.
2025-05-31 12:19:36,629 [Worker-60: Building] INFO  o.e.m.c.i.embedder.EclipseLogger - skip non existing resourceDirectory C:\Users\lucag\Documents\LUCA\2025\OO2\Practica\Resoluciones\accesobd\src\main\resources
2025-05-31 12:19:36,632 [Worker-60: Building] INFO  o.e.m.c.i.embedder.EclipseLogger - Using 'UTF-8' encoding to copy filtered resources.
2025-05-31 12:19:36,633 [Worker-60: Building] INFO  o.e.m.c.i.embedder.EclipseLogger - skip non existing resourceDirectory C:\Users\lucag\Documents\LUCA\2025\OO2\Practica\Resoluciones\accesobd\src\test\resources
2025-06-02 09:41:32,341 [Worker-5: Loading available Gradle versions] INFO  o.e.b.c.i.u.g.PublishedGradleVersions - Gradle version information cache is out-of-date. Trying to update.
2025-06-03 09:46:40,040 [Worker-5: Loading available Gradle versions] INFO  o.e.b.c.i.u.g.PublishedGradleVersions - Gradle version information cache is out-of-date. Trying to update.
2025-06-03 11:44:15,657 [Worker-5: Loading available Gradle versions] INFO  o.e.b.c.i.u.g.PublishedGradleVersions - Gradle version information cache is up-to-date. Trying to read.
2025-06-04 09:56:17,084 [Worker-6: Loading available Gradle versions] INFO  o.e.b.c.i.u.g.PublishedGradleVersions - Gradle version information cache is out-of-date. Trying to update.
2025-06-04 10:45:14,941 [Worker-4: Loading available Gradle versions] INFO  o.e.b.c.i.u.g.PublishedGradleVersions - Gradle version information cache is up-to-date. Trying to read.
2025-06-04 10:46:04,555 [Worker-1: Loading available Gradle versions] INFO  o.e.b.c.i.u.g.PublishedGradleVersions - Gradle version information cache is up-to-date. Trying to read.
